<?xml version="1.0" encoding="UTF-8"?>
<testsuite name="Test to Navigate to ebay Homepage and verify the details" time="16.339" tests="1" errors="1" skipped="0" failures="0">
  <properties>
[...]
</properties>
  <testcase name="Test to add product to cart in ebay Home page and verify the details" classname="Test to Navigate to ebay Homepage and verify the details" time="16.339">
    <error message="Index 1 out of bounds for length 1" type="java.lang.IndexOutOfBoundsException">java.lang.IndexOutOfBoundsException: Index 1 out of bounds for length 1
	at java.base/jdk.internal.util.Preconditions.outOfBounds(Preconditions.java:64)
	at java.base/jdk.internal.util.Preconditions.outOfBoundsCheckIndex(Preconditions.java:70)
	at java.base/jdk.internal.util.Preconditions.checkIndex(Preconditions.java:248)
	at java.base/java.util.Objects.checkIndex(Objects.java:372)
	at java.base/java.util.ArrayList.get(ArrayList.java:459)
	at fisPages.UIActions.LoginPage.switchToTab(LoginPage.java:137)
	at stepdefs.UIStepDef.switchToTheAnotherTab(UIStepDef.java:140)
	at ✽.switch to the another tab(file:///C:/Users/Vijay/Documents/assigments/FISUWAPI/src/test/resources/features/ebayUI.feature:9)
</error>
    <system-out><![CDATA[
@regressionPack @smokeTest
Scenario: Test to add product to cart in ebay Home page and verify the details # src/test/resources/features/ebayUI.feature:5
  Given Launch the ebay website                                                # stepdefs.UIStepDef.launchApplication()

    Title of Home Page is :Electronics, Cars, Fashion, Collectibles & More | eBay

  And HomePage is displayed                                                    # stepdefs.UIStepDef.homepageIsDisplayed()
  When search for the "books" in ebay search bar                               # stepdefs.UIStepDef.searchForTheInEbaySearchBar(java.lang.String)
  And switch to the another tab                                                # stepdefs.UIStepDef.switchToTheAnotherTab()
      java.lang.IndexOutOfBoundsException: Index 1 out of bounds for length 1
	at java.base/jdk.internal.util.Preconditions.outOfBounds(Preconditions.java:64)
	at java.base/jdk.internal.util.Preconditions.outOfBoundsCheckIndex(Preconditions.java:70)
	at java.base/jdk.internal.util.Preconditions.checkIndex(Preconditions.java:248)
	at java.base/java.util.Objects.checkIndex(Objects.java:372)
	at java.base/java.util.ArrayList.get(ArrayList.java:459)
	at fisPages.UIActions.LoginPage.switchToTab(LoginPage.java:137)
	at stepdefs.UIStepDef.switchToTheAnotherTab(UIStepDef.java:140)
	at âœ½.switch to the another tab(file:///C:/Users/Vijay/Documents/assigments/FISUWAPI/src/test/resources/features/ebayUI.feature:9)

  And click on the first "1" book in the list                                  # stepdefs.UIStepDef.clickOnTheFirstBookInTheList(java.lang.String)
  And click on the "Add to cart" button on product page                        # stepdefs.UIStepDef.clickOnTheButtonOnProductPage(java.lang.String)
  Then cart is updated with product details                                    # stepdefs.UIStepDef.cartIsUpdatedWithProductDetails()
]]></system-out>
    <system-err><![CDATA[SLF4J(W): No SLF4J providers were found.
SLF4J(W): Defaulting to no-operation (NOP) logger implementation
SLF4J(W): See https://www.slf4j.org/codes.html#noProviders for further details.
SLF4J(W): Class path contains SLF4J bindings targeting slf4j-api versions 1.7.x or earlier.
SLF4J(W): Ignoring binding found at [jar:file:/C:/Users/Vijay/.m2/repository/org/slf4j/slf4j-simple/1.6.1/slf4j-simple-1.6.1.jar!/org/slf4j/impl/StaticLoggerBinder.class]
SLF4J(W): See https://www.slf4j.org/codes.html#ignoredBindings for an explanation.
Dec 16, 2024 6:32:30 PM org.openqa.selenium.devtools.CdpVersionFinder findNearestMatch
WARNING: Unable to find CDP implementation matching 131
Dec 16, 2024 6:32:30 PM org.openqa.selenium.chromium.ChromiumDriver lambda$new$5
WARNING: Unable to find version of CDP to use for 131.0.6778.140. You may need to include a dependency on a specific version of the CDP using something similar to `org.seleniumhq.selenium:selenium-devtools-v86:4.19.1` where the version ("v86") matches the version of the chromium-based browser you're using and the version number of the artifact is the same as Selenium's.
]]></system-err>
  </testcase>
</testsuite>